New tests:
  * t_timing_always1.pl           	[builtin, should_pass]
  * t_timing_fork_join_none.pl    	[builtin, should_pass]
  * t_order_notiming.pl           	[builtin, should_pass]
  * t_timing_fork_join.pl         	[builtin, should_pass]
  * t_event_control_notiming.pl   	[builtin, should_pass]
  * t_opt_localize_deep.pl        	[builtin, should_pass]
  * t_timing_intra_assign_delay.pl	[builtin, should_pass]
  * t_timing_clkgen2.pl           	[builtin, should_pass]
  * t_func_lib_sub_notiming.pl    	[builtin, should_pass]
  * t_package_ddecl_notiming.pl   	[builtin, should_pass]
  * t_timing_strobe.pl            	[builtin, should_pass]
  * t_timing_wait.pl              	[builtin, should_pass]
  * t_timing_intra_assign_event.pl	[builtin, should_pass]
  * t_math_signed5_notiming.pl    	[builtin, should_pass]
  * t_event_notiming.pl           	[builtin, should_pass]
  * t_fork_label_notiming.pl      	[builtin, should_pass]
  * t_parse_delay_notiming.pl     	[builtin, should_pass]
  * t_fork_notiming.pl            	[builtin, should_pass]
  * t_event_copy_notiming.pl      	[builtin, should_pass]
  * t_timing_clkgen3.pl           	[builtin, should_pass]
  * t_timing_fork_many.pl         	[builtin, should_pass]
  * t_timing_delay_callstack.pl   	[builtin, should_pass]
  * t_wait_notiming.pl            	[builtin, should_pass]
  * t_timing_clkgen1.pl           	[builtin, should_pass]
  * t_timing_events.pl            	[builtin, should_pass]
  * t_delay_notiming.pl           	[builtin, should_pass]
  * t_timing_always3.pl           	[builtin, should_pass]
  * t_timing_always2.pl           	[builtin, should_pass]
  * t_timing_events_mixed.pl      	[builtin, should_pass]
  * t_func_link.pl                	[builtin, should_pass]
  * t_timing_events_array.pl      	[builtin, should_pass]
  * t_timing_fork_join_any.pl     	[builtin, should_pass]
  * t_timing_class.pl             	[builtin, should_pass]
  * t_recursive_module_bug_2.pl   	[builtin, should_pass]
Missing tests:
  * t_dyn_always3.pl              	[builtin, should_pass]
  * t_dyn_clkgen2.pl              	[builtin, should_pass]
  * t_dyn_delay_callstack.pl      	[builtin, should_pass]
  * t_dyn_wait.pl                 	[builtin, should_pass]
  * t_dyn_fork.pl                 	[builtin, should_pass]
  * t_dyn_class.pl                	[builtin, should_pass]
  * t_dyn_events3.pl              	[builtin, should_pass]
  * t_dyn_clkgen1.pl              	[builtin, should_pass]
  * t_dyn_always1.pl              	[builtin, should_pass]
  * t_timing_clkgen.pl            	[builtin, should_pass]
  * t_dyn_strobe.pl               	[builtin, should_pass]
  * t_dyn_intra_assign_delay.pl   	[builtin, should_pass]
  * t_dyn_events2.pl              	[builtin, should_pass]
  * t_dyn_always2.pl              	[builtin, should_pass]
  * t_dyn_events1.pl              	[builtin, should_pass]
New passing tests:
New failing tests:
